{"level":"info","message":"saved x  qwf"}
{"level":"info","message":"saved x  qwf"}
{"level":"info","message":"DB connected successfully!"}
{"level":"info","message":"saved x  qwf"}
{"level":"info","message":"DB connected successfully!"}
{"level":"info","message":"saved x  qwf"}
{"level":"info","message":"DB connected successfully!"}
{"level":"info","message":"saved x  qwf"}
{"level":"info","message":"DB connected successfully!"}
{"level":"info","message":"saved x  qwf"}
{"level":"info","message":"DB connected successfully!"}
{"level":"info","message":"saved x  qwf"}
{"level":"info","message":"DB connected successfully!"}
{"level":"info","message":"saved x  qwf"}
{"level":"info","message":"hello"}
{"level":"info","message":"🚀  Server ready at http://localhost:4000/"}
{"level":"info","message":"DB connected successfully!"}
{"level":"info","message":"hello"}
{"level":"info","message":"🚀  Server ready at http://localhost:4000/"}
{"level":"info","message":"DB connected successfully!"}
{"level":"info","message":"hello"}
{"level":"info","message":"🚀  Server ready at http://localhost:4000/"}
{"level":"info","message":"DB connected successfully!"}
{"level":"info","message":"hello"}
{"level":"info","message":"🚀  Server ready at http://localhost:4000/"}
{"level":"info","message":"DB connected successfully!"}
{"level":"info","message":"DB connected successfully!"}
{"level":"info","message":"hello"}
{"level":"info","message":"🚀  Server ready at http://localhost:4000/"}
{"level":"info","message":"DB connected successfully!"}
{"level":"info","message":"hello"}
{"level":"info","message":"🚀  Server ready at http://localhost:4000/"}
{"level":"info","message":"DB connected successfully!"}
{"level":"info","message":"hello"}
{"level":"info","message":"🚀  Server ready at http://localhost:4000/"}
{"level":"info","message":"DB connected successfully!"}
{"level":"info","message":"hello"}
{"level":"info","message":"🚀  Server ready at http://localhost:4000/"}
{"level":"info","message":"DB connected successfully!"}
{"level":"info","message":"hello"}
{"level":"info","message":"🚀  Server ready at http://localhost:4000/"}
{"level":"info","message":"DB connected successfully!"}
{"level":"info","message":"hello"}
{"level":"info","message":"🚀  Server ready at http://localhost:4000/"}
{"level":"info","message":"DB connected successfully!"}
{"level":"info","message":"hello"}
{"level":"info","message":"🚀  Server ready at http://localhost:4000/"}
{"level":"info","message":"DB connected successfully!"}
{"level":"info","message":"hello"}
{"level":"info","message":"🚀  Server ready at http://localhost:4000/"}
{"level":"info","message":"DB connected successfully!"}
{"level":"info","message":"hello"}
{"level":"info","message":"🚀  Server ready at http://localhost:4000/"}
{"level":"info","message":"DB connected successfully!"}
{"level":"info","message":"hello"}
{"level":"info","message":"🚀  Server ready at http://localhost:4000/"}
{"level":"info","message":"DB connected successfully!"}
{"level":"info","message":"hello"}
{"level":"info","message":"🚀  Server ready at http://localhost:4000/"}
{"level":"info","message":"DB connected successfully!"}
{"level":"info","message":"hello"}
{"level":"info","message":"🚀  Server ready at http://localhost:4000/"}
{"level":"info","message":"DB connected successfully!"}
{"level":"info","message":"hello"}
{"level":"info","message":"🚀  Server ready at http://localhost:4000/"}
{"level":"info","message":"DB connected successfully!"}
{"level":"info","message":"hello"}
{"level":"info","message":"🚀  Server ready at http://localhost:4000/"}
{"level":"info","message":"DB connected successfully!"}
{"level":"info","message":"hello"}
{"level":"info","message":"DB connected successfully!"}
{"level":"info","message":"hello"}
{"level":"info","message":"🚀  Server ready at http://localhost:4000/"}
{"level":"info","message":"DB connected successfully!"}
{"level":"info","message":"hello"}
{"level":"info","message":"🚀  Server ready at http://localhost:4000/"}
{"level":"info","message":"DB connected successfully!"}
{"level":"info","message":"hello"}
{"level":"info","message":"🚀  Server ready at http://localhost:4000/"}
{"level":"info","message":"DB connected successfully!"}
{"level":"info","message":"hello"}
{"level":"info","message":"DB connected successfully!"}
{"level":"info","message":"hello"}
{"level":"info","message":"DB connected successfully!"}
{"level":"info","message":"hello"}
{"level":"info","message":"DB connected successfully!"}
{"level":"info","message":"hello"}
{"level":"info","message":"DB connected successfully!"}
{"level":"info","message":"hello"}
{"level":"info","message":"DB connected successfully!"}
{"level":"info","message":"hello"}
{"level":"info","message":"DB connected successfully!"}
{"level":"info","message":"hello"}
{"level":"info","message":"DB connected successfully!"}
{"level":"info","message":"hello"}
{"level":"info","message":"DB connected successfully!"}
{"level":"info","message":"hello"}
{"level":"info","message":"DB connected successfully!"}
{"level":"info","message":"hello"}
{"level":"info","message":"🚀  Server ready at http://localhost:4000/"}
{"level":"info","message":"DB connected successfully!"}
{"level":"info","message":"hello"}
{"level":"info","message":"🚀  Server ready at http://localhost:4000/"}
{"level":"info","message":"DB connected successfully!"}
{"level":"info","message":"hello"}
{"level":"info","message":"🚀  Server ready at http://localhost:4000/"}
{"level":"info","message":"DB connected successfully!"}
{"level":"info","message":"hello"}
{"level":"info","message":"🚀  Server ready at http://localhost:4000/"}
{"level":"info","message":"DB connected successfully!"}
{"level":"info","message":"hello"}
{"level":"info","message":"🚀  Server ready at http://localhost:4000/"}
{"level":"info","message":"DB connected successfully!"}
{"level":"info","message":"hello"}
{"level":"info","message":"🚀  Server ready at http://localhost:4000/"}
{"level":"info","message":"DB connected successfully!"}
{"level":"info","message":"hello"}
{"level":"info","message":"🚀  Server ready at http://localhost:4000/"}
{"level":"info","message":"DB connected successfully!"}
{"level":"info","message":"hello"}
{"level":"info","message":"🚀  Server ready at http://localhost:4000/"}
{"level":"info","message":"DB connected successfully!"}
{"level":"info","message":"hello"}
{"level":"info","message":"🚀  Server ready at http://localhost:4000/"}
{"level":"info","message":"DB connected successfully!"}
{"level":"info","message":"hello"}
{"level":"info","message":"🚀  Server ready at http://localhost:4000/"}
{"level":"info","message":"DB connected successfully!"}
{"level":"info","message":"hello"}
{"level":"info","message":"🚀  Server ready at http://localhost:4000/"}
{"level":"info","message":"DB connected successfully!"}
{"level":"info","message":"hello"}
{"level":"info","message":"🚀  Server ready at http://localhost:4000/"}
{"level":"info","message":"DB connected successfully!"}
{"level":"info","message":"🚀  Server ready at http://localhost:4000/"}
{"level":"info","message":"DB connected successfully!"}
{"level":"info","message":"🚀  Server ready at http://localhost:4000/"}
{"level":"info","message":"DB connected successfully!"}
{"level":"info","message":"🚀  Server ready at http://localhost:4000/"}
{"level":"info","message":"DB connected successfully!"}
{"level":"info","message":"🚀  Server ready at http://localhost:4000/"}
{"level":"info","message":"DB connected successfully!"}
{"level":"info","message":"🚀  Server ready at http://localhost:4000/"}
{"level":"info","message":"DB connected successfully!"}
{"level":"info","message":"🚀  Server ready at http://localhost:4000/"}
{"level":"info","message":"DB connected successfully!"}
{"level":"info","message":"🚀  Server ready at http://localhost:4000/"}
{"level":"info","message":"DB connected successfully!"}
{"level":"info","message":"🚀  Server ready at http://localhost:4000/"}
{"level":"info","message":"DB connected successfully!"}
{"level":"info","message":"🚀  Server ready at http://localhost:4000/"}
{"level":"info","message":"DB connected successfully!"}
{"level":"info","message":"🚀  Server ready at http://localhost:4000/"}
{"level":"info","message":"DB connected successfully!"}
{"level":"info","message":"🚀  Server ready at http://localhost:4000/"}
{"level":"info","message":"DB connected successfully!"}
{"level":"info","message":"🚀  Server ready at http://localhost:4000/"}
{"level":"info","message":"DB connected successfully!"}
{"level":"info","message":"🚀  Server ready at http://localhost:4000/"}
{"level":"info","message":"DB connected successfully!"}
{"level":"info","message":"🚀  Server ready at http://localhost:4000/"}
{"level":"info","message":"DB connected successfully!"}
{"level":"info","message":"🚀  Server ready at http://localhost:4000/"}
{"level":"info","message":"DB connected successfully!"}
{"level":"info","message":"🚀  Server ready at http://localhost:4000/"}
{"level":"info","message":"DB connected successfully!"}
{"level":"info","message":"🚀  Server ready at http://localhost:4000/"}
{"level":"info","message":"DB connected successfully!"}
{"level":"info","message":"🚀  Server ready at http://localhost:4000/"}
{"level":"info","message":"DB connected successfully!"}
{"level":"info","message":"🚀  Server ready at http://localhost:4000/"}
{"level":"info","message":"DB connected successfully!"}
{"level":"info","message":"🚀  Server ready at http://localhost:4000/"}
{"level":"info","message":"DB connected successfully!"}
{"level":"info","message":"🚀  Server ready at http://localhost:4000/"}
{"level":"info","message":"DB connected successfully!"}
{"level":"info","message":"🚀  Server ready at http://localhost:4000/"}
{"level":"info","message":"DB connected successfully!"}
{"level":"info","message":"🚀  Server ready at http://localhost:4000/"}
{"level":"info","message":"DB connected successfully!"}
{"level":"info","message":"🚀  Server ready at http://localhost:4000/"}
{"level":"info","message":"DB connected successfully!"}
{"level":"info","message":"🚀  Server ready at http://localhost:4000/"}
{"level":"info","message":"DB connected successfully!"}
{"level":"info","message":"🚀  Server ready at http://localhost:4000/"}
{"level":"info","message":"DB connected successfully!"}
{"level":"info","message":"🚀  Server ready at http://localhost:4000/"}
{"level":"info","message":"DB connected successfully!"}
{"level":"info","message":"🚀  Server ready at http://localhost:4000/"}
{"level":"info","message":"DB connected successfully!"}
{"level":"info","message":"🚀  Server ready at http://localhost:4000/"}
{"level":"info","message":"DB connected successfully!"}
{"level":"info","message":"🚀  Server ready at http://localhost:4000/"}
{"level":"info","message":"DB connected successfully!"}
{"level":"info","message":"🚀  Server ready at http://localhost:4000/"}
{"level":"info","message":"DB connected successfully!"}
{"level":"info","message":"🚀  Server ready at http://localhost:4000/"}
{"level":"info","message":"DB connected successfully!"}
{"level":"info","message":"🚀  Server ready at http://localhost:4000/"}
{"level":"info","message":"DB connected successfully!"}
{"level":"info","message":"🚀  Server ready at http://localhost:4000/"}
{"level":"info","message":"DB connected successfully!"}
{"level":"info","message":"🚀  Server ready at http://localhost:4000/"}
{"level":"info","message":"DB connected successfully!"}
{"level":"info","message":"🚀  Server ready at http://localhost:4000/"}
{"level":"info","message":"DB connected successfully!"}
{"level":"info","message":"🚀  Server ready at http://localhost:4000/"}
{"level":"info","message":"DB connected successfully!"}
{"level":"info","message":"🚀  Server ready at http://localhost:4000/"}
{"level":"info","message":"DB connected successfully!"}
{"level":"info","message":"🚀  Server ready at http://localhost:4000/"}
{"level":"info","message":"DB connected successfully!"}
{"level":"info","message":"DB connected successfully!"}
{"level":"info","message":"DB connected successfully!"}
{"level":"info","message":"🚀  Server ready at http://localhost:4000/"}
{"level":"info","message":"DB connected successfully!"}
{"level":"info","message":"DB connected successfully!"}
{"level":"info","message":"🚀  Server ready at http://localhost:4000/"}
{"level":"info","message":"DB connected successfully!"}
{"level":"info","message":"🚀  Server ready at http://localhost:4000/"}
{"level":"info","message":"DB connected successfully!"}
{"level":"info","message":"🚀  Server ready at http://localhost:4000/"}
{"level":"info","message":"DB connected successfully!"}
{"level":"info","message":"🚀  Server ready at http://localhost:4000/"}
{"level":"info","message":"DB connected successfully!"}
{"level":"info","message":"🚀  Server ready at http://localhost:4000/"}
{"level":"info","message":"DB connected successfully!"}
{"level":"info","message":"🚀  Server ready at http://localhost:4000/"}
{"level":"info","message":"DB connected successfully!"}
{"level":"info","message":"🚀  Server ready at http://localhost:4000/"}
{"level":"info","message":"DB connected successfully!"}
{"level":"info","message":"🚀  Server ready at http://localhost:4000/"}
{"level":"info","message":"DB connected successfully!"}
{"level":"info","message":"🚀  Server ready at http://localhost:4000/"}
{"level":"info","message":"DB connected successfully!"}
{"level":"info","message":"🚀  Server ready at http://localhost:4000/"}
{"level":"info","message":"DB connected successfully!"}
{"level":"info","message":"🚀  Server ready at http://localhost:4000/"}
{"level":"info","message":"DB connected successfully!"}
{"level":"info","message":"🚀  Server ready at http://localhost:4000/"}
{"level":"info","message":"DB connected successfully!"}
{"level":"info","message":"🚀  Server ready at http://localhost:4000/"}
{"level":"info","message":"DB connected successfully!"}
{"level":"info","message":"🚀  Server ready at http://localhost:4000/"}
{"level":"info","message":"DB connected successfully!"}
{"level":"info","message":"🚀  Server ready at http://localhost:4000/"}
{"level":"info","message":"DB connected successfully!"}
{"level":"info","message":"🚀  Server ready at http://localhost:4000/"}
{"level":"info","message":"DB connected successfully!"}
{"level":"info","message":"🚀  Server ready at http://localhost:4000/"}
{"level":"info","message":"DB connected successfully!"}
{"level":"info","message":"🚀  Server ready at http://localhost:4000/"}
{"level":"info","message":"DB connected successfully!"}
{"level":"info","message":"🚀  Server ready at http://localhost:4000/"}
{"level":"info","message":"DB connected successfully!"}
{"level":"info","message":"🚀  Server ready at http://localhost:4000/"}
{"level":"info","message":"DB connected successfully!"}
{"level":"info","message":"🚀  Server ready at http://localhost:4000/"}
{"level":"info","message":"DB connected successfully!"}
{"level":"info","message":"🚀  Server ready at http://localhost:4000/"}
{"level":"info","message":"DB connected successfully!"}
{"level":"info","message":"🚀  Server ready at http://localhost:4000/"}
{"level":"info","message":"DB connected successfully!"}
{"level":"info","message":"🚀  Server ready at http://localhost:4000/"}
{"level":"info","message":"DB connected successfully!"}
{"level":"info","message":"DB connected successfully!"}
{"level":"info","message":"DB connected successfully!"}
{"level":"info","message":"🚀  Server ready at http://localhost:4000/"}
{"level":"info","message":"DB connected successfully!"}
{"level":"info","message":"🚀  Server ready at http://localhost:4000/"}
{"level":"info","message":"DB connected successfully!"}
{"level":"info","message":"🚀  Server ready at http://localhost:4000/"}
{"level":"info","message":"DB connected successfully!"}
{"level":"info","message":"🚀  Server ready at http://localhost:4000/"}
{"level":"info","message":"DB connected successfully!"}
{"level":"info","message":"🚀  Server ready at http://localhost:4000/"}
{"level":"info","message":"DB connected successfully!"}
{"level":"info","message":"🚀  Server ready at http://localhost:4000/"}
{"level":"info","message":"DB connected successfully!"}
{"level":"info","message":"🚀  Server ready at http://localhost:4000/"}
{"level":"info","message":"DB connected successfully!"}
{"level":"info","message":"🚀  Server ready at http://localhost:4000/"}
{"level":"info","message":"DB connected successfully!"}
{"level":"info","message":"DB connected successfully!"}
{"level":"info","message":"DB connected successfully!"}
{"level":"info","message":"🚀  Server ready at http://localhost:4000/"}
{"level":"info","message":"DB connected successfully!"}
{"level":"info","message":"🚀  Server ready at http://localhost:4000/"}
{"level":"info","message":"DB connected successfully!"}
{"level":"info","message":"🚀  Server ready at http://localhost:4000/"}
{"level":"info","message":"DB connected successfully!"}
{"level":"info","message":"🚀  Server ready at http://localhost:4000/"}
{"level":"info","message":"DB connected successfully!"}
{"level":"info","message":"🚀  Server ready at http://localhost:4000/"}
{"level":"info","message":"DB connected successfully!"}
{"level":"info","message":"🚀  Server ready at http://localhost:4000/"}
{"level":"info","message":"DB connected successfully!"}
{"level":"info","message":"🚀  Server ready at http://localhost:4000/"}
{"level":"info","message":"DB connected successfully!"}
{"level":"info","message":"🚀  Server ready at http://localhost:4000/"}
{"level":"info","message":"DB connected successfully!"}
{"level":"info","message":"DB connected successfully!"}
{"level":"info","message":"🚀  Server ready at http://localhost:4000/"}
{"level":"info","message":"DB connected successfully!"}
{"level":"info","message":"🚀  Server ready at http://localhost:4000/"}
{"level":"info","message":"DB connected successfully!"}
{"level":"info","message":"🚀  Server ready at http://localhost:4000/"}
{"level":"info","message":"DB connected successfully!"}
{"level":"info","message":"🚀  Server ready at http://localhost:4000/"}
{"level":"info","message":"DB connected successfully!"}
{"level":"info","message":"🚀  Server ready at http://localhost:4000/"}
{"level":"info","message":"DB connected successfully!"}
{"level":"info","message":"🚀  Server ready at http://localhost:4000/"}
{"level":"info","message":"DB connected successfully!"}
{"level":"info","message":"🚀  Server ready at http://localhost:4000/"}
{"level":"info","message":"DB connected successfully!"}
{"level":"info","message":"🚀  Server ready at http://localhost:4000/"}
{"level":"info","message":"DB connected successfully!"}
{"level":"info","message":"🚀  Server ready at http://localhost:4000/"}
{"level":"info","message":"DB connected successfully!"}
{"level":"info","message":"🚀  Server ready at http://localhost:4000/"}
{"level":"info","message":"DB connected successfully!"}
{"level":"info","message":"🚀  Server ready at http://localhost:4000/"}
{"level":"info","message":"DB connected successfully!"}
{"level":"info","message":"🚀  Server ready at http://localhost:4000/"}
{"level":"info","message":"DB connected successfully!"}
{"level":"info","message":"🚀  Server ready at http://localhost:4000/"}
{"level":"info","message":"DB connected successfully!"}
{"level":"info","message":"🚀  Server ready at http://localhost:4000/"}
{"level":"info","message":"DB connected successfully!"}
{"level":"info","message":"🚀  Server ready at http://localhost:4000/"}
{"level":"info","message":"DB connected successfully!"}
{"level":"info","message":"🚀  Server ready at http://localhost:4000/"}
{"level":"info","message":"DB connected successfully!"}
{"level":"info","message":"🚀  Server ready at http://localhost:4000/"}
{"level":"info","message":"DB connected successfully!"}
{"level":"info","message":"🚀  Server ready at http://localhost:4000/"}
{"level":"info","message":"DB connected successfully!"}
{"level":"info","message":"🚀  Server ready at http://localhost:4000/"}
{"avatar":null,"city":"Krakow","country":"Poland","dateOfBirth":"26","email":"test@test.com","firstName":"","lastName":"","level":"info","message":"[newUser mutation input]","password":"passw","passwordConfirmation":"con"}
{"level":"info","message":"DB connected successfully!"}
{"level":"info","message":"🚀  Server ready at http://localhost:4000/"}
{"avatar":null,"city":"Krakow","country":"Poland","dateOfBirth":"26","email":"test@test.com","firstName":"","lastName":"","level":"info","message":"newUser mutation","password":"passw","passwordConfirmation":"con"}
{"level":"info","message":"DB connected successfully!"}
{"level":"info","message":"🚀  Server ready at http://localhost:4000/"}
{"level":"info","message":"newUser mutation {\n  \"firstName\": \"\",\n  \"lastName\": \"\",\n  \"dateOfBirth\": \"26\",\n  \"city\": \"Krakow\",\n  \"country\": \"Poland\",\n  \"avatar\": null,\n  \"email\": \"test@test.com\",\n  \"password\": \"passw\",\n  \"passwordConfirmation\": \"con\"\n}"}
{"level":"info","message":"DB connected successfully!"}
{"level":"info","message":"🚀  Server ready at http://localhost:4000/"}
{"level":"info","message":"newUser mutation [object Object]"}
{"level":"info","message":"DB connected successfully!"}
{"level":"info","message":"🚀  Server ready at http://localhost:4000/"}
{"level":"info","message":"newUser mutation {\"firstName\":\"\",\"lastName\":\"\",\"dateOfBirth\":\"26\",\"city\":\"Krakow\",\"country\":\"Poland\",\"avatar\":null,\"email\":\"test@test.com\",\"password\":\"passw\",\"passwordConfirmation\":\"con\"}"}
{"level":"info","message":"newUser mutation {\"firstName\":\"\",\"lastName\":\"\",\"dateOfBirth\":\"26\",\"city\":\"Krakow\",\"country\":\"Poland\",\"avatar\":null,\"email\":\"test@test.com\",\"password\":\"passw\",\"passwordConfirmation\":\"con\"}"}
{"level":"info","message":"DB connected successfully!"}
{"level":"info","message":"🚀  Server ready at http://localhost:4000/"}
{"level":"info","message":"DB connected successfully!"}
{"level":"info","message":"🚀  Server ready at http://localhost:4000/"}
{"level":"info","message":"DB connected successfully!"}
{"level":"info","message":"🚀  Server ready at http://localhost:4000/"}
{"level":"info","message":"DB connected successfully!"}
{"level":"info","message":"🚀  Server ready at http://localhost:4000/"}
{"level":"info","message":"DB connected successfully!"}
{"level":"info","message":"🚀  Server ready at http://localhost:4000/"}
{"level":"info","message":"DB connected successfully!"}
{"level":"info","message":"🚀  Server ready at http://localhost:4000/"}
{"level":"info","message":"DB connected successfully!"}
{"level":"info","message":"🚀  Server ready at http://localhost:4000/"}
{"level":"info","message":"DB connected successfully!"}
{"level":"info","message":"🚀  Server ready at http://localhost:4000/"}
{"level":"info","message":"newUser mutation {\"firstName\":\"\",\"lastName\":\"\",\"dateOfBirth\":\"26\",\"city\":\"Krakow\",\"country\":\"Poland\",\"avatar\":null,\"email\":\"test@test.com\",\"password\":\"passw\",\"passwordConfirmation\":\"con\"}"}
{"level":"info","message":"newUser mutation {\"firstName\":\"\",\"lastName\":\"\",\"dateOfBirth\":\"26\",\"city\":\"Krakow\",\"country\":\"Poland\",\"avatar\":null,\"email\":\"test@test.com\",\"password\":\"passw\",\"passwordConfirmation\":\"qwfqwfwqfqwf\"}"}
{"level":"info","message":"newUser mutation {\"firstName\":\"\",\"lastName\":\"\",\"dateOfBirth\":\"26\",\"city\":\"Krakow\",\"country\":\"Poland\",\"avatar\":null,\"email\":\"test@test.com\",\"password\":\"qwfqwfqwfqfw\",\"passwordConfirmation\":\"qwfqwfwqfqwf\"}"}
{"level":"info","message":"DB connected successfully!"}
{"level":"info","message":"🚀  Server ready at http://localhost:4000/"}
{"level":"info","message":"newUser mutation {\"firstName\":\"\",\"lastName\":\"\",\"dateOfBirth\":\"26\",\"city\":\"Krakow\",\"country\":\"Poland\",\"avatar\":null,\"email\":\"test@test.com\",\"password\":\"qwfqwfqwfqfw\",\"passwordConfirmation\":\"qwfqwfwqfqwf\"}"}
{"level":"info","message":"newUser mutation {\"firstName\":\"\",\"lastName\":\"\",\"dateOfBirth\":\"26\",\"city\":\"Krakow\",\"country\":\"Poland\",\"avatar\":null,\"email\":\"test@test.com\",\"password\":\"asdasdasd\",\"passwordConfirmation\":\"asdasdasd\"}"}
{"level":"info","message":"newUser mutation {\"firstName\":\"wd\",\"lastName\":\"sd\",\"dateOfBirth\":\"26\",\"city\":\"Krakow\",\"country\":\"Poland\",\"avatar\":null,\"email\":\"test@test.com\",\"password\":\"asdasdasd\",\"passwordConfirmation\":\"asdasdasd\"}"}
{"level":"info","message":"newUser mutation {\"firstName\":\"wd\",\"lastName\":\"sd\",\"dateOfBirth\":\"26\",\"city\":\"Krakow\",\"country\":\"Poland\",\"avatar\":null,\"email\":\"test@test.com\",\"password\":\"asdasdasd\",\"passwordConfirmation\":\"asdasdasd1\"}"}
{"level":"info","message":"DB connected successfully!"}
{"level":"info","message":"🚀  Server ready at http://localhost:4000/"}
{"level":"info","message":"DB connected successfully!"}
{"level":"info","message":"🚀  Server ready at http://localhost:4000/"}
{"level":"info","message":"newUser mutation {\"firstName\":\"wd\",\"lastName\":\"sd\",\"dateOfBirth\":\"26\",\"city\":\"Krakow\",\"country\":\"Poland\",\"avatar\":null,\"email\":\"test@test.com\",\"password\":\"asdasdasd\",\"passwordConfirmation\":\"asdasdasd1\"}"}
{"level":"info","message":"newUser mutation {\"firstName\":\"wd\",\"lastName\":\"sd\",\"dateOfBirth\":\"26\",\"city\":\"Krakow\",\"country\":\"Poland\",\"avatar\":null,\"email\":\"test@test.com\",\"password\":\"asdasdasd\",\"passwordConfirmation\":\"asdasdasd1\"}"}
{"level":"info","message":"newUser mutation {\"firstName\":\"wd\",\"lastName\":\"sd\",\"dateOfBirth\":\"26\",\"city\":\"Krakow\",\"country\":\"Poland\",\"avatar\":null,\"email\":\"test@test.com\",\"password\":\"asdasdasd\",\"passwordConfirmation\":\"asdasdasd1\"}"}
{"level":"info","message":"newUser mutation {\"firstName\":\"wd\",\"lastName\":\"sd\",\"dateOfBirth\":\"26\",\"city\":\"Krakow\",\"country\":\"Poland\",\"avatar\":null,\"email\":\"test@test.com\",\"password\":\"asdasdasd\",\"passwordConfirmation\":\"asdasdasd1\"}"}
{"level":"info","message":"DB connected successfully!"}
{"level":"info","message":"🚀  Server ready at http://localhost:4000/"}
{"level":"info","message":"DB connected successfully!"}
{"level":"info","message":"🚀  Server ready at http://localhost:4000/"}
{"level":"info","message":"newUser mutation {\"firstName\":\"wd\",\"lastName\":\"sd\",\"dateOfBirth\":\"26\",\"city\":\"Krakow\",\"country\":\"Poland\",\"avatar\":null,\"email\":\"test@test.com\",\"password\":\"asdasdasd\",\"passwordConfirmation\":\"asdasdasd1\"}"}
{"level":"info","message":"newUser mutation {\"firstName\":\"wd\",\"lastName\":\"sd\",\"dateOfBirth\":\"26\",\"city\":\"Krakow\",\"country\":\"Poland\",\"avatar\":null,\"email\":\"test@test.com\",\"password\":\"asdasdas\",\"passwordConfirmation\":\"asdasdasd1\"}"}
{"level":"info","message":"newUser mutation {\"firstName\":\"wd\",\"lastName\":\"sd\",\"dateOfBirth\":\"26\",\"city\":\"Krakow\",\"country\":\"Poland\",\"avatar\":null,\"email\":\"test@test.com\",\"password\":\"asdasdas\",\"passwordConfirmation\":\"asdasdasd\"}"}
{"level":"info","message":"newUser mutation {\"firstName\":\"wd\",\"lastName\":\"sd\",\"dateOfBirth\":\"26\",\"city\":\"Krakow\",\"country\":\"Poland\",\"avatar\":null,\"email\":\"test@test.com\",\"password\":\"asdasdasd\",\"passwordConfirmation\":\"asdasdasd\"}"}
{"level":"info","message":"DB connected successfully!"}
{"level":"info","message":"🚀  Server ready at http://localhost:4000/"}
{"level":"info","message":"DB connected successfully!"}
{"level":"info","message":"🚀  Server ready at http://localhost:4000/"}
{"level":"info","message":"newUser mutation {\"firstName\":\"wd\",\"lastName\":\"sd\",\"dateOfBirth\":\"26\",\"city\":\"Krakow\",\"country\":\"Poland\",\"avatar\":null,\"email\":\"test@test.com\",\"password\":\"asdasdasd\",\"passwordConfirmation\":\"asdasdasd\"}"}
{"level":"info","message":"newUser mutation {\"firstName\":\"wd\",\"lastName\":\"sd\",\"dateOfBirth\":\"26\",\"city\":\"Krakow\",\"country\":\"Poland\",\"avatar\":null,\"email\":\"test@test.com\",\"password\":\"asdasdasd\",\"passwordConfirmation\":\"asdasdasd\"}"}
{"level":"info","message":"DB connected successfully!"}
{"level":"info","message":"🚀  Server ready at http://localhost:4000/"}
{"level":"info","message":"newUser mutation {\"firstName\":\"wd\",\"lastName\":\"sd\",\"dateOfBirth\":\"26\",\"city\":\"Krakow\",\"country\":\"Poland\",\"avatar\":null,\"email\":\"test@test.com\",\"password\":\"asdasdasd\",\"passwordConfirmation\":\"asdasdasd\"}"}
{"level":"info","message":"DB connected successfully!"}
{"level":"info","message":"🚀  Server ready at http://localhost:4000/"}
{"level":"info","message":"DB connected successfully!"}
{"level":"info","message":"🚀  Server ready at http://localhost:4000/"}
{"level":"info","message":"newUser mutation {\"firstName\":\"wd\",\"lastName\":\"sd\",\"dateOfBirth\":\"26\",\"city\":\"Krakow\",\"country\":\"Poland\",\"avatar\":null,\"email\":\"test@test.com\",\"password\":\"asdasdasd\",\"passwordConfirmation\":\"asdasdasd\"}"}
{"level":"info","message":"DB connected successfully!"}
{"level":"info","message":"🚀  Server ready at http://localhost:4000/"}
{"level":"info","message":"DB connected successfully!"}
{"level":"info","message":"🚀  Server ready at http://localhost:4000/"}
{"level":"info","message":"DB connected successfully!"}
{"level":"info","message":"🚀  Server ready at http://localhost:4000/"}
{"level":"info","message":"DB connected successfully!"}
{"level":"info","message":"🚀  Server ready at http://localhost:4000/"}
{"level":"info","message":"DB connected successfully!"}
{"level":"info","message":"🚀  Server ready at http://localhost:4000/"}
{"level":"info","message":"DB connected successfully!"}
{"level":"info","message":"🚀  Server ready at http://localhost:4000/"}
{"level":"info","message":"DB connected successfully!"}
{"level":"info","message":"🚀  Server ready at http://localhost:4000/"}
{"level":"info","message":"DB connected successfully!"}
{"level":"info","message":"🚀  Server ready at http://localhost:4000/"}
{"level":"info","message":"newUser mutation {\"firstName\":\"wd\",\"lastName\":\"sd\",\"dateOfBirth\":\"26\",\"city\":\"Krakow\",\"country\":\"Poland\",\"avatar\":null,\"email\":\"test@test.com\",\"password\":\"asdasdasd\",\"passwordConfirmation\":\"asdasdasd\"}"}
{"level":"info","message":"newUser mutation {\"firstName\":\"wd\",\"lastName\":\"sd\",\"dateOfBirth\":\"26\",\"city\":\"Krakow\",\"country\":\"Poland\",\"avatar\":null,\"email\":\"test@test.com\",\"password\":\"asdasdasd\",\"passwordConfirmation\":\"asdasdasd\"}"}
{"level":"info","message":"newUser mutation {\"firstName\":\"wd\",\"lastName\":\"sd\",\"dateOfBirth\":\"26\",\"city\":\"Krakow\",\"country\":\"Poland\",\"avatar\":null,\"email\":\"test1@test.com\",\"password\":\"asdasdasd\",\"passwordConfirmation\":\"asdasdasd\"}"}
{"level":"info","message":"DB connected successfully!"}
{"level":"info","message":"🚀  Server ready at http://localhost:4000/"}
{"level":"info","message":"newUser mutation {\"firstName\":\"wd\",\"lastName\":\"sd\",\"dateOfBirth\":\"26\",\"city\":\"Krakow\",\"country\":\"Poland\",\"avatar\":null,\"email\":\"test1@test.com\",\"password\":\"asdasdasd\",\"passwordConfirmation\":\"asdasdasd\"}"}
{"_message":"User validation failed","errors":{"passwordConfirmation":{"kind":"required","message":"Path `passwordConfirmation` is required.","name":"ValidatorError","path":"passwordConfirmation","properties":{"message":"Path `passwordConfirmation` is required.","path":"passwordConfirmation","type":"required"}}},"level":"error","message":"User validation failed: passwordConfirmation: Path `passwordConfirmation` is required.","name":"ValidationError"}
{"level":"info","message":"DB connected successfully!"}
{"level":"info","message":"🚀  Server ready at http://localhost:4000/"}
{"level":"info","message":"newUser mutation {\"firstName\":\"wd\",\"lastName\":\"sd\",\"dateOfBirth\":\"26\",\"city\":\"Krakow\",\"country\":\"Poland\",\"avatar\":null,\"email\":\"test1@test.com\",\"password\":\"asdasdasd\",\"passwordConfirmation\":\"asdasdasd\"}"}
{"_message":"User validation failed","errors":{"passwordConfirmation":{"kind":"required","message":"Path `passwordConfirmation` is required.","name":"ValidatorError","path":"passwordConfirmation","properties":{"message":"Path `passwordConfirmation` is required.","path":"passwordConfirmation","type":"required"}}},"level":"error","message":"User validation failed: passwordConfirmation: Path `passwordConfirmation` is required.","name":"ValidationError"}
{"level":"info","message":"DB connected successfully!"}
{"level":"info","message":"🚀  Server ready at http://localhost:4000/"}
{"level":"info","message":"newUser mutation {\"firstName\":\"wd\",\"lastName\":\"sd\",\"dateOfBirth\":\"26\",\"city\":\"Krakow\",\"country\":\"Poland\",\"avatar\":null,\"email\":\"test1@test.com\",\"password\":\"asdasdasd\",\"passwordConfirmation\":\"asdasdasd\"}"}
{"_message":"User validation failed","errors":{"passwordConfirmation":{"kind":"required","message":"Path `passwordConfirmation` is required.","name":"ValidatorError","path":"passwordConfirmation","properties":{"message":"Path `passwordConfirmation` is required.","path":"passwordConfirmation","type":"required"}}},"level":"error","message":"User validation failed: passwordConfirmation: Path `passwordConfirmation` is required.","name":"ValidationError"}
{"level":"info","message":"newUser mutation {\"firstName\":\"wd\",\"lastName\":\"sd\",\"dateOfBirth\":\"26\",\"city\":\"Krakow\",\"country\":\"Poland\",\"avatar\":null,\"email\":\"test1@test.com\",\"password\":\"asdasdasd\",\"passwordConfirmation\":\"asdasdasd\"}"}
{"_message":"User validation failed","errors":{"passwordConfirmation":{"kind":"required","message":"Path `passwordConfirmation` is required.","name":"ValidatorError","path":"passwordConfirmation","properties":{"message":"Path `passwordConfirmation` is required.","path":"passwordConfirmation","type":"required"}}},"level":"error","message":"User validation failed: passwordConfirmation: Path `passwordConfirmation` is required.","name":"ValidationError"}
{"level":"info","message":"DB connected successfully!"}
{"level":"info","message":"🚀  Server ready at http://localhost:4000/"}
{"level":"info","message":"DB connected successfully!"}
{"level":"info","message":"🚀  Server ready at http://localhost:4000/"}
{"level":"info","message":"newUser mutation {\"firstName\":\"wd\",\"lastName\":\"sd\",\"dateOfBirth\":\"26\",\"city\":\"Krakow\",\"country\":\"Poland\",\"avatar\":null,\"email\":\"test1@test.com\",\"password\":\"asdasdasd\",\"passwordConfirmation\":\"asdasdasd\"}"}
{"level":"info","message":"newUser mutation {\"firstName\":\"wd\",\"lastName\":\"sd\",\"dateOfBirth\":\"26\",\"city\":\"Krakow\",\"country\":\"Poland\",\"avatar\":null,\"email\":\"test1@test.com\",\"password\":\"asdasdasd\",\"passwordConfirmation\":\"asdasdasd\"}"}
{"extensions":{},"message":"Email \"test1@test.com\" is already taken."}
{"level":"info","message":"newUser mutation {\"firstName\":\"wd\",\"lastName\":\"sd\",\"dateOfBirth\":\"26\",\"city\":\"Krakow\",\"country\":\"Poland\",\"avatar\":null,\"email\":\"test1@test.com\",\"password\":\"asdasdasd\",\"passwordConfirmation\":\"asdasdasd\"}"}
{"extensions":{},"message":"Email \"test1@test.com\" is already taken."}
{"level":"info","message":"newUser mutation {\"firstName\":\"wd\",\"lastName\":\"sd\",\"dateOfBirth\":\"26\",\"city\":\"Krakow\",\"country\":\"Poland\",\"avatar\":null,\"email\":\"test1@test.com\",\"password\":\"asdasdasd\",\"passwordConfirmation\":\"asdasdasd\"}"}
{"extensions":{},"message":"Email \"test1@test.com\" is already taken."}
{"level":"info","message":"DB connected successfully!"}
{"level":"info","message":"🚀  Server ready at http://localhost:4000/"}
{"level":"info","message":"DB connected successfully!"}
{"level":"info","message":"🚀  Server ready at http://localhost:4000/"}
{"level":"info","message":"DB connected successfully!"}
{"level":"info","message":"🚀  Server ready at http://localhost:4000/"}
{"level":"info","message":"newUser mutation {\"firstName\":\"wd\",\"lastName\":\"sd\",\"dateOfBirth\":\"26\",\"city\":\"Krakow\",\"country\":\"Poland\",\"avatar\":null,\"email\":\"test2@test.com\",\"password\":\"asdasdasd\",\"passwordConfirmation\":\"asdasdasd\"}"}
{"level":"info","message":"DB connected successfully!"}
{"level":"info","message":"🚀  Server ready at http://localhost:4000/"}
{"level":"info","message":"DB connected successfully!"}
{"level":"info","message":"🚀  Server ready at http://localhost:4000/"}
{"level":"info","message":"DB connected successfully!"}
{"level":"info","message":"🚀  Server ready at http://localhost:4000/"}
{"level":"info","message":"DB connected successfully!"}
{"level":"info","message":"🚀  Server ready at http://localhost:4000/"}
{"level":"info","message":"DB connected successfully!"}
{"level":"info","message":"🚀  Server ready at http://localhost:4000/"}
{"level":"info","message":"newUser mutation {\"firstName\":\"wd\",\"lastName\":\"sd\",\"dateOfBirth\":\"26\",\"city\":\"Krakow\",\"country\":\"Poland\",\"avatar\":null,\"email\":\"test2@test.com\",\"password\":\"asdasdasd\",\"passwordConfirmation\":\"asdasdasd\"}"}
{"extensions":{},"message":"Email \"test2@test.com\" is already taken."}
{"level":"info","message":"newUser mutation {\"firstName\":\"wd\",\"lastName\":\"sd\",\"dateOfBirth\":\"26\",\"city\":\"Krakow\",\"country\":\"Poland\",\"avatar\":null,\"email\":\"test3@test.com\",\"password\":\"asdasdasd\",\"passwordConfirmation\":\"asdasdasd\"}"}
{"level":"info","message":"DB connected successfully!"}
{"level":"info","message":"🚀  Server ready at http://localhost:4000/"}
{"level":"info","message":"newUser mutation {\"firstName\":\"wd\",\"lastName\":\"sd\",\"dateOfBirth\":\"26\",\"city\":\"Krakow\",\"country\":\"Poland\",\"avatar\":null,\"email\":\"test3@test.com\",\"password\":\"asdasdasd\",\"passwordConfirmation\":\"asdasdasd\"}"}
{"extensions":{},"message":"Email \"test3@test.com\" is already taken."}
{"level":"info","message":"newUser mutation {\"firstName\":\"wd\",\"lastName\":\"sd\",\"dateOfBirth\":\"26\",\"city\":\"Krakow\",\"country\":\"Poland\",\"avatar\":null,\"email\":\"test4@test.com\",\"password\":\"asdasdasd\",\"passwordConfirmation\":\"asdasdasd\"}"}
{"level":"info","message":"DB connected successfully!"}
{"level":"info","message":"🚀  Server ready at http://localhost:4000/"}
{"level":"info","message":"newUser mutation {\"firstName\":\"wd\",\"lastName\":\"sd\",\"dateOfBirth\":\"26\",\"city\":\"Krakow\",\"country\":\"Poland\",\"avatar\":null,\"email\":\"test5@test.com\",\"password\":\"asdasdasd\",\"passwordConfirmation\":\"asdasdasd\"}"}
{"level":"info","message":"DB connected successfully!"}
{"level":"info","message":"🚀  Server ready at http://localhost:4000/"}
{"level":"info","message":"newUser mutation {\"firstName\":\"wd\",\"lastName\":\"sd\",\"dateOfBirth\":\"26\",\"city\":\"Krakow\",\"country\":\"Poland\",\"avatar\":null,\"email\":\"test51@test.com\",\"password\":\"asdasdasd\",\"passwordConfirmation\":\"asdasdasd\"}"}
{"level":"info","message":"newUser mutation {\"firstName\":\"wd\",\"lastName\":\"sd\",\"dateOfBirth\":\"26\",\"city\":\"Krakow\",\"country\":\"Poland\",\"avatar\":null,\"email\":\"test51@test.com\",\"password\":\"asdasdasd\",\"passwordConfirmation\":\"asdasdasd\"}"}
{"extensions":{},"message":"Email \"test51@test.com\" is already taken."}
{"level":"info","message":"newUser mutation {\"firstName\":\"wd\",\"lastName\":\"sd\",\"dateOfBirth\":\"26\",\"city\":\"Krakow\",\"country\":\"Poland\",\"avatar\":null,\"email\":\"test551@test.com\",\"password\":\"asdasdasd\",\"passwordConfirmation\":\"asdasdasd\"}"}
{"level":"info","message":"newUser mutation {\"firstName\":\"wd\",\"lastName\":\"sd\",\"dateOfBirth\":\"26\",\"city\":\"Krakow\",\"country\":\"Poland\",\"avatar\":null,\"email\":\"test551@test.com\",\"password\":\"asdasdasd\",\"passwordConfirmation\":\"asdasdasd\"}"}
{"extensions":{},"message":"Email \"test551@test.com\" is already taken."}
{"level":"info","message":"DB connected successfully!"}
{"level":"info","message":"🚀  Server ready at http://localhost:4000/"}
{"level":"info","message":"newUser mutation {\"firstName\":\"wd\",\"lastName\":\"sd\",\"dateOfBirth\":\"26\",\"city\":\"Krakow\",\"country\":\"Poland\",\"avatar\":null,\"email\":\"test551@test.com\",\"password\":\"asdasdasd\",\"passwordConfirmation\":\"asdasdasd\"}"}
{"extensions":{},"message":"Email \"test551@test.com\" is already taken."}
{"level":"info","message":"newUser mutation {\"firstName\":\"wd\",\"lastName\":\"sd\",\"dateOfBirth\":\"26\",\"city\":\"Krakow\",\"country\":\"Poland\",\"avatar\":null,\"email\":\"test551125@test.com\",\"password\":\"asdasdasd\",\"passwordConfirmation\":\"asdasdasd\"}"}
{"level":"info","message":"DB connected successfully!"}
{"level":"info","message":"🚀  Server ready at http://localhost:4000/"}
{"level":"info","message":"newUser mutation {\"firstName\":\"wd\",\"lastName\":\"sd\",\"dateOfBirth\":\"26\",\"city\":\"Krakow\",\"country\":\"Poland\",\"avatar\":null,\"email\":\"test551125@test.com\",\"password\":\"asdasdasd\",\"passwordConfirmation\":\"asdasdasd\"}"}
{"level":"info","message":"newUser mutation {\"firstName\":\"wd\",\"lastName\":\"sd\",\"dateOfBirth\":\"26\",\"city\":\"Krakow\",\"country\":\"Poland\",\"avatar\":null,\"email\":\"test551125@test.com\",\"password\":\"asdasdasd\",\"passwordConfirmation\":\"asdasdasd\"}"}
{"extensions":{},"message":"Email \"test551125@test.com\" is already taken."}
{"level":"info","message":"newUser mutation {\"firstName\":\"wd\",\"lastName\":\"sd\",\"dateOfBirth\":\"26\",\"city\":\"Krakow\",\"country\":\"Poland\",\"avatar\":null,\"email\":\"test551125@test.com\",\"password\":\"asdasdasd\",\"passwordConfirmation\":\"asdasdasd\"}"}
{"extensions":{},"message":"Email \"test551125@test.com\" is already taken."}
{"level":"info","message":"newUser mutation {\"firstName\":\"wd\",\"lastName\":\"sd\",\"dateOfBirth\":\"26\",\"city\":\"Krakow\",\"country\":\"Poland\",\"avatar\":null,\"email\":\"test551125@test.com\",\"password\":\"asdasdasd\",\"passwordConfirmation\":\"asdasdasd\"}"}
{"extensions":{},"message":"Email \"test551125@test.com\" is already taken."}
{"level":"info","message":"DB connected successfully!"}
{"level":"info","message":"🚀  Server ready at http://localhost:4000/"}
{"level":"info","message":"DB connected successfully!"}
{"level":"info","message":"🚀  Server ready at http://localhost:4000/"}
{"level":"info","message":"DB connected successfully!"}
{"level":"info","message":"DB connected successfully!"}
{"level":"info","message":"DB connected successfully!"}
{"level":"info","message":"🚀  Server ready at http://localhost:4000/"}
{"level":"info","message":"DB connected successfully!"}
{"level":"info","message":"🚀  Server ready at http://localhost:4000/"}
{"level":"info","message":"DB connected successfully!"}
{"level":"info","message":"🚀  Server ready at http://localhost:4000/"}
{"level":"info","message":"DB connected successfully!"}
{"level":"info","message":"🚀  Server ready at http://localhost:4000/"}
{"level":"info","message":"signIn mutation {\"email\":\"test551125@test.com\",\"password\":\"asdasdasd\"}"}
{"level":"info","message":"DB connected successfully!"}
{"level":"info","message":"🚀  Server ready at http://localhost:4000/"}
{"level":"info","message":"DB connected successfully!"}
{"level":"info","message":"🚀  Server ready at http://localhost:4000/"}
{"level":"info","message":"DB connected successfully!"}
{"level":"info","message":"🚀  Server ready at http://localhost:4000/"}
{"level":"info","message":"signIn mutation {\"email\":\"test551125@test.com\",\"password\":\"asdasdasd\"}"}
{"extensions":{"code":"BAD_USER_INPUT"},"message":"User with email \"test551125@test.com\" does not exist."}
{"level":"info","message":"signIn mutation {\"email\":\"test551125@test.com\",\"password\":\"asdasdasd\"}"}
{"extensions":{"code":"BAD_USER_INPUT"},"message":"User with email \"test551125@test.com\" does not exist."}
{"level":"info","message":"signIn mutation {\"email\":\"test551125@test.com\",\"password\":\"asdasdasd\"}"}
{"extensions":{"code":"BAD_USER_INPUT"},"message":"User with email \"test551125@test.com\" does not exist."}
{"level":"info","message":"signIn mutation {\"email\":\"test551125@test.com\",\"password\":\"asdasdasd\"}"}
{"extensions":{"code":"BAD_USER_INPUT"},"message":"User with email \"test551125@test.com\" does not exist."}
{"level":"info","message":"signIn mutation {\"email\":\"test551125@test.com\",\"password\":\"asdasdasd\"}"}
{"extensions":{"code":"BAD_USER_INPUT"},"message":"User with email \"test551125@test.com\" does not exist."}
{"level":"info","message":"newUser mutation {\"firstName\":\"First\",\"lastName\":\"User\",\"dateOfBirth\":\"26\",\"city\":\"Krakow\",\"country\":\"Poland\",\"avatar\":null,\"email\":\"user1@mailinator.com\",\"password\":\"123123123\",\"passwordConfirmation\":\"123123123\"}"}
{"level":"info","message":"signIn mutation {\"email\":\"user1@mailinator.com\",\"password\":\"asdasdasd\"}"}
{"extensions":{"code":"BAD_USER_INPUT"},"message":"User with email \"user1@mailinator.com\" does not exist."}
{"level":"info","message":"signIn mutation {\"email\":\"user1@mailinator.com\",\"password\":\"asdasdasd\"}"}
{"extensions":{"code":"BAD_USER_INPUT"},"message":"User with email \"user1@mailinator.com\" does not exist."}
{"level":"info","message":"signIn mutation {\"email\":\"user1@mailinator.com\",\"password\":\"asdasdasd\"}"}
{"extensions":{"code":"BAD_USER_INPUT"},"message":"User with email \"user1@mailinator.com\" does not exist."}
{"level":"info","message":"DB connected successfully!"}
{"level":"info","message":"🚀  Server ready at http://localhost:4000/"}
{"level":"info","message":"signIn mutation {\"email\":\"user1@mailinator.com\",\"password\":\"asdasdasd\"}"}
{"extensions":{"code":"BAD_USER_INPUT"},"message":"Provided credentials are invalid."}
{"level":"info","message":"signIn mutation {\"email\":\"user1@mailinator.com\",\"password\":\"123123123\"}"}
{"extensions":{"code":"BAD_USER_INPUT"},"message":"Provided credentials are invalid."}
{"level":"info","message":"signIn mutation {\"email\":\"user1@mailinator.com\",\"password\":\"123123123\"}"}
{"extensions":{"code":"BAD_USER_INPUT"},"message":"Provided credentials are invalid."}
{"level":"info","message":"signIn mutation {\"email\":\"user1@mailinator.com\",\"password\":\"123123123\"}"}
{"extensions":{"code":"BAD_USER_INPUT"},"message":"Provided credentials are invalid."}
{"level":"info","message":"DB connected successfully!"}
{"level":"info","message":"🚀  Server ready at http://localhost:4000/"}
{"level":"info","message":"signIn mutation {\"email\":\"user1@mailinator.com\",\"password\":\"123123123\"}"}
{"level":"info","message":"signIn mutation {\"email\":\"user1@mailinator.com\",\"password\":\"123123123\"}"}
{"level":"info","message":"signIn mutation {\"email\":\"user1@mailinator.com\",\"password\":\"123123123\"}"}
{"level":"info","message":"DB connected successfully!"}
{"level":"info","message":"🚀  Server ready at http://localhost:4000/"}
{"level":"info","message":"DB connected successfully!"}
{"level":"info","message":"🚀  Server ready at http://localhost:4000/"}
{"level":"info","message":"DB connected successfully!"}
{"level":"info","message":"🚀  Server ready at http://localhost:4000/"}
{"level":"info","message":"DB connected successfully!"}
{"level":"info","message":"🚀  Server ready at http://localhost:4000/"}
{"level":"info","message":"DB connected successfully!"}
{"level":"info","message":"🚀  Server ready at http://localhost:4000/"}
{"level":"info","message":"DB connected successfully!"}
{"level":"info","message":"🚀  Server ready at http://localhost:4000/"}
{"level":"info","message":"DB connected successfully!"}
{"level":"info","message":"🚀  Server ready at http://localhost:4000/"}
{"level":"info","message":"DB connected successfully!"}
{"level":"info","message":"🚀  Server ready at http://localhost:4000/"}
{"level":"info","message":"DB connected successfully!"}
{"level":"info","message":"🚀  Server ready at http://localhost:4000/"}
{"level":"info","message":"DB connected successfully!"}
{"level":"info","message":"🚀  Server ready at http://localhost:4000/"}
{"level":"info","message":"signIn mutation {\"email\":\"user1@mailinator.com\",\"password\":\"123123123\"}"}
{"level":"info","message":"signIn mutation {\"email\":\"user1@mailinator.com\",\"password\":\"123123123\"}"}
{"level":"info","message":"DB connected successfully!"}
{"level":"info","message":"🚀  Server ready at http://localhost:4000/"}
{"level":"info","message":"signIn mutation {\"email\":\"user1@mailinator.com\",\"password\":\"123123123\"}"}
{"level":"info","message":"signIn mutation {\"email\":\"user1@mailinator.com\",\"password\":\"123123123\"}"}
{"level":"info","message":"signIn mutation {\"email\":\"user1@mailinator.com\",\"password\":\"123123123\"}"}
{"level":"info","message":"DB connected successfully!"}
{"level":"info","message":"🚀  Server ready at http://localhost:4000/"}
{"level":"info","message":"signIn mutation [object Object]"}
{"level":"info","message":"signIn mutation [object Object]"}
2022-06-13T15:35:14.704Z [undefined] info: DB connected successfully!
2022-06-13T15:35:14.791Z [undefined] info: 🚀  Server ready at http://localhost:4000/
2022-06-13T15:35:17.874Z [undefined] info: signIn mutation [object Object]
2022-06-13T15:35:26.720Z [undefined] info: DB connected successfully!
2022-06-13T15:35:26.802Z [undefined] info: 🚀  Server ready at http://localhost:4000/
2022-06-13T15:36:33.181Z [INFO]: DB connected successfully!
2022-06-13T15:36:33.267Z [INFO]: 🚀  Server ready at http://localhost:4000/
2022-06-13T15:36:38.092Z [INFO]: DB connected successfully!
2022-06-13T15:36:38.175Z [INFO]: 🚀  Server ready at http://localhost:4000/
2022-06-13T15:36:42.218Z [INFO]: signIn mutation {"email":"user1@mailinator.com","password":"123123123"}
2022-06-13T15:36:59.433Z [INFO]: signIn mutation {"email":"user1@mailinator.com","password":"123123123"}
2022-06-13T15:37:08.926Z [INFO]: DB connected successfully!
2022-06-13T15:37:09.020Z [INFO]: 🚀  Server ready at http://localhost:4000/
2022-06-13T15:37:20.154Z [INFO]: signIn mutation {"email":"user1@mailinator.com","password":"123123123"}
2022-06-13T15:37:34.512Z [INFO]: DB connected successfully!
2022-06-13T15:37:34.595Z [INFO]: 🚀  Server ready at http://localhost:4000/
2022-06-13T15:39:27.275Z [INFO]: DB connected successfully!
2022-06-13T15:39:27.365Z [INFO]: 🚀  Server ready at http://localhost:4000/
